#
# A fatal error has been detected by the Java Runtime Environment:
#
#  SIGSEGV (0xb) at pc=0x00000001010027f9, pid=26319, tid=17155
#
# JRE version: Java(TM) SE Runtime Environment (8.0_25-b17) (build 1.8.0_25-b17)
# Java VM: Java HotSpot(TM) 64-Bit Server VM (25.25-b02 mixed mode bsd-amd64 compressed oops)
# Problematic frame:
# V  [libjvm.dylib+0x3b77f9]  PhaseIdealLoop::build_loop_early(VectorSet&, Node_List&, Node_Stack&)+0x53
#
# Failed to write core dump. Core dumps have been disabled. To enable core dumping, try "ulimit -c unlimited" before starting Java again
#
# If you would like to submit a bug report, please visit:
#   http://bugreport.sun.com/bugreport/crash.jsp
#

---------------  T H R E A D  ---------------

Current thread (0x00007fa31c026800):  JavaThread "C2 CompilerThread0" daemon [_thread_in_native, id=17155, stack(0x0000700000b3b000,0x0000700000c3b000)]

siginfo: si_signo: 11 (SIGSEGV), si_code: 0 (unknown), si_addr: 0x0000000000000000

Registers:
RAX=0x0000000100dd33ba, RBX=0x0000700000c36958, RCX=0x00007fa31dc559d8, RDX=0x00000000000000ae
RSP=0x0000700000c34600, RBP=0x0000700000c34650, RSI=0x00007fa31dc55990, RDI=0x00000001014d01c0
R8 =0x0000000000000000, R9 =0x00000001014355b8, R10=0x00000000ffffffff, R11=0x0000000000001020
R12=0x00000001014d01c0, R13=0x0000000000000000, R14=0x00007fa31dc55990, R15=0x0000000000000000
RIP=0x00000001010027f9, EFLAGS=0x0000000000010206, ERR=0x0000000000000000
  TRAPNO=0x000000000000000d

Top of Stack: (sp=0x0000700000c34600)
0x0000700000c34600:   0000700000c34900 0000700000c36978
0x0000700000c34610:   0000700000c34920 0000700000c348e0
0x0000700000c34620:   00000002195a6790 0000700000c36958
0x0000700000c34630:   00007fa31bd1bcc0 0000700000c39fb0
0x0000700000c34640:   0000700000c34920 0000000000000000
0x0000700000c34650:   0000700000c34990 0000000101004f62
0x0000700000c34660:   0000700000c373b0 00007fa31d391140
0x0000700000c34670:   0000000000000000 00007fa31bd1bcc0
0x0000700000c34680:   0000000100c346c0 00007fff88c57774
0x0000700000c34690:   0000700000c346d0 0000000000c34740
0x0000700000c346a0:   0000000119673000 00000001009eb280
0x0000700000c346b0:   0000000000000000 0000000000000000
0x0000700000c346c0:   0000700000c346e0 0000000000040010
0x0000700000c346d0:   00000001009ea000 0000700000c39fb0
0x0000700000c346e0:   0000000000000000 0000000000000000
0x0000700000c346f0:   0000700000c347e0 00007fff88c50b47
0x0000700000c34700:   000000010121e273 0000700000c39fb0
0x0000700000c34710:   00000001014fbaf0 00007fa31cd7f858
0x0000700000c34720:   0000700000c347d0 0000000100da19cd
0x0000700000c34730:   0000700000c34790 00007fa31cd7f858
0x0000700000c34740:   0000000000000000 00007fa31c625fe8
0x0000700000c34750:   0000700000c347a0 000000010105f7e8
0x0000700000c34760:   00007fa31d50a030 000035bf0001ecb0
0x0000700000c34770:   00007fa31cd83500 00007fa31de9cff0
0x0000700000c34780:   0000700000c347d0 0000000100d9f67d
0x0000700000c34790:   00007fa31d6edb38 000000000000000a
0x0000700000c347a0:   0000700000c388a8 00007fa31d50a030
0x0000700000c347b0:   000000010121e273 0000000000000000
0x0000700000c347c0:   00007fa31d38c600 0000700000c39fb0
0x0000700000c347d0:   00000001009ea000 0000000000040010
0x0000700000c347e0:   0000700000c34810 00007fff88c505a1
0x0000700000c347f0:   0000000100a1a000 0000000000040010 

Instructions: (pc=0x00000001010027f9)
0x00000001010027d9:   48 8b 55 c8 48 8b 4a 10 ff c8 89 42 18 4c 8b 34
0x00000001010027e9:   c1 45 31 ff e9 8a 00 00 00 49 8b 04 24 4c 89 e7
0x00000001010027f9:   ff 90 b0 00 00 00 84 c0 74 21 49 8b 04 24 4c 89
0x0000000101002809:   e7 ff 50 10 84 c0 75 13 49 8b 44 24 08 48 8b 10 

Register to memory mapping:

RAX=0x0000000100dd33ba: _ZNK12MergeMemNode6OpcodeEv+0 in /Library/Java/JavaVirtualMachines/jdk1.8.0_25.jdk/Contents/Home/jre/lib/server/libjvm.dylib at 0x0000000100c4b000
RBX=0x0000700000c36958 is pointing into the stack for thread: 0x00007fa31c026800
RCX=0x00007fa31dc559d8 is an unknown value
RDX=0x00000000000000ae is an unknown value
RSP=0x0000700000c34600 is pointing into the stack for thread: 0x00007fa31c026800
RBP=0x0000700000c34650 is pointing into the stack for thread: 0x00007fa31c026800
RSI=0x00007fa31dc55990 is an unknown value
RDI=0x00000001014d01c0: _ZTV12MergeMemNode+0x10 in /Library/Java/JavaVirtualMachines/jdk1.8.0_25.jdk/Contents/Home/jre/lib/server/libjvm.dylib at 0x0000000100c4b000
R8 =0x0000000000000000 is an unknown value
R9 =0x00000001014355b8: _ZL8tc_mutex+0x18 in /Library/Java/JavaVirtualMachines/jdk1.8.0_25.jdk/Contents/Home/jre/lib/server/libjvm.dylib at 0x0000000100c4b000
R10=0x00000000ffffffff is an unknown value
R11=0x0000000000001020 is an unknown value
R12=0x00000001014d01c0: _ZTV12MergeMemNode+0x10 in /Library/Java/JavaVirtualMachines/jdk1.8.0_25.jdk/Contents/Home/jre/lib/server/libjvm.dylib at 0x0000000100c4b000
R13=0x0000000000000000 is an unknown value
R14=0x00007fa31dc55990 is an unknown value
R15=0x0000000000000000 is an unknown value


Stack: [0x0000700000b3b000,0x0000700000c3b000],  sp=0x0000700000c34600,  free space=997k
Native frames: (J=compiled Java code, j=interpreted, Vv=VM code, C=native code)
V  [libjvm.dylib+0x3b77f9]  PhaseIdealLoop::build_loop_early(VectorSet&, Node_List&, Node_Stack&)+0x53
V  [libjvm.dylib+0x3b9f62]  PhaseIdealLoop::build_and_optimize(bool, bool)+0x56c
V  [libjvm.dylib+0x1a5a40]  Compile::Optimize()+0x394
V  [libjvm.dylib+0x1a8aad]  Compile::Compile(ciEnv*, C2Compiler*, ciMethod*, int, bool, bool, bool)+0x8b7
V  [libjvm.dylib+0x14b1d6]  C2Compiler::compile_method(ciEnv*, ciMethod*, int)+0xac
V  [libjvm.dylib+0x1ac3e8]  CompileBroker::invoke_compiler_on_method(CompileTask*)+0x5b2
V  [libjvm.dylib+0x1ae4f7]  CompileBroker::compiler_thread_loop()+0x2d5
V  [libjvm.dylib+0x535ed9]  JavaThread::thread_main_inner()+0x9b
V  [libjvm.dylib+0x53761c]  JavaThread::run()+0x1c2
V  [libjvm.dylib+0x45d87e]  java_start(Thread*)+0xf6
C  [libsystem_pthread.dylib+0x399d]  _pthread_body+0x83
C  [libsystem_pthread.dylib+0x391a]  _pthread_body+0x0
C  [libsystem_pthread.dylib+0x1351]  thread_start+0xd
C  0x0000000000000000


Current CompileTask:
C2:   2378 1312       4       java.net.URLClassLoader$1::run (5 bytes)


---------------  P R O C E S S  ---------------

Java Threads: ( => current thread )
  0x00007fa31d4a2800 JavaThread "Cache worker for file hash cache (/Users/Sahar/Desktop/Projects/Ladbrokes/.gradle/4.4/fileHashes)" [_thread_blocked, id=25347, stack(0x0000700001b6b000,0x0000700001c6b000)]
  0x00007fa31d2e5800 JavaThread "File lock request listener" [_thread_in_native, id=24835, stack(0x0000700001a68000,0x0000700001b68000)]
  0x00007fa31db15000 JavaThread "Cache worker for file hash cache (/Users/Sahar/.gradle/caches/4.4/fileHashes)" [_thread_blocked, id=24323, stack(0x0000700001965000,0x0000700001a65000)]
  0x00007fa31cae7800 JavaThread "Stdin handler" [_thread_blocked, id=23811, stack(0x0000700001862000,0x0000700001962000)]
  0x00007fa31c224800 JavaThread "Asynchronous log dispatcher for DefaultDaemonConnection: socket connection from /127.0.0.1:62786 to /127.0.0.1:62787" [_thread_blocked, id=23299, stack(0x000070000175f000,0x000070000185f000)]
  0x00007fa31c220800 JavaThread "Daemon worker" [_thread_in_native, id=22787, stack(0x000070000165c000,0x000070000175c000)]
  0x00007fa31c241000 JavaThread "Cancel handler" [_thread_blocked, id=22275, stack(0x0000700001559000,0x0000700001659000)]
  0x00007fa31d27d000 JavaThread "Handler for socket connection from /127.0.0.1:62786 to /127.0.0.1:62787" [_thread_in_native, id=21763, stack(0x0000700001456000,0x0000700001556000)]
  0x00007fa31d27c800 JavaThread "Daemon" [_thread_blocked, id=21251, stack(0x0000700001353000,0x0000700001453000)]
  0x00007fa31c215000 JavaThread "Daemon periodic checks" [_thread_blocked, id=20739, stack(0x0000700001250000,0x0000700001350000)]
  0x00007fa31cb55000 JavaThread "Incoming local TCP Connector on port 62786" [_thread_in_native, id=20227, stack(0x000070000114d000,0x000070000124d000)]
  0x00007fa31cb18000 JavaThread "Daemon health stats" [_thread_blocked, id=19715, stack(0x000070000104a000,0x000070000114a000)]
  0x00007fa31c844800 JavaThread "Service Thread" daemon [_thread_blocked, id=18691, stack(0x0000700000e44000,0x0000700000f44000)]
  0x00007fa31c029000 JavaThread "C1 CompilerThread2" daemon [_thread_in_native, id=18179, stack(0x0000700000d41000,0x0000700000e41000)]
  0x00007fa31c028800 JavaThread "C2 CompilerThread1" daemon [_thread_in_native, id=17667, stack(0x0000700000c3e000,0x0000700000d3e000)]
=>0x00007fa31c026800 JavaThread "C2 CompilerThread0" daemon [_thread_in_native, id=17155, stack(0x0000700000b3b000,0x0000700000c3b000)]
  0x00007fa31c033800 JavaThread "Signal Dispatcher" daemon [_thread_blocked, id=13839, stack(0x0000700000a38000,0x0000700000b38000)]
  0x00007fa31d04a800 JavaThread "Finalizer" daemon [_thread_blocked, id=12291, stack(0x000070000082f000,0x000070000092f000)]
  0x00007fa31c008800 JavaThread "Reference Handler" daemon [_thread_blocked, id=11779, stack(0x000070000072c000,0x000070000082c000)]
  0x00007fa31c004000 JavaThread "main" [_thread_blocked, id=5891, stack(0x000070000011a000,0x000070000021a000)]

Other Threads:
  0x00007fa31d042800 VMThread [stack: 0x0000700000629000,0x0000700000729000] [id=11267]
  0x00007fa31c806800 WatcherThread [stack: 0x0000700000f47000,0x0000700001047000] [id=19203]

VM state:not at safepoint (normal execution)

VM Mutex/Monitor currently owned by a thread: None

Heap:
 PSYoungGen      total 38400K, used 26560K [0x00000007a0000000, 0x00000007a4b00000, 0x00000007c0000000)
  eden space 33280K, 64% used [0x00000007a0000000,0x00000007a14f5720,0x00000007a2080000)
  from space 5120K, 99% used [0x00000007a2080000,0x00000007a257acb0,0x00000007a2580000)
  to   space 5120K, 0% used [0x00000007a4600000,0x00000007a4600000,0x00000007a4b00000)
 ParOldGen       total 87552K, used 1910K [0x0000000760000000, 0x0000000765580000, 0x00000007a0000000)
  object space 87552K, 2% used [0x0000000760000000,0x00000007601dd930,0x0000000765580000)
 Metaspace       used 15490K, capacity 15782K, committed 16000K, reserved 1062912K
  class space    used 2273K, capacity 2359K, committed 2432K, reserved 1048576K

Card table byte_map: [0x00000001117c0000,0x0000000111ac1000] byte_map_base: 0x000000010dcc0000

Marking Bits: (ParMarkBitMap*) 0x00000001014e8390
 Begin Bits: [0x0000000111cc1000, 0x00000001134c1000)
 End Bits:   [0x00000001134c1000, 0x0000000114cc1000)

Polling page: 0x0000000101bad000

CodeCache: size=245760Kb used=4399Kb max_used=4399Kb free=241360Kb
 bounds [0x0000000102400000, 0x0000000102850000, 0x0000000111400000]
 total_blobs=1690 nmethods=1335 adapters=270
 compilation: enabled

Compilation events (10 events):
Event: 2.349 Thread 0x00007fa31c029000 1326       3       java.util.TreeMap::parentOf (13 bytes)
Event: 2.349 Thread 0x00007fa31c029000 nmethod 1326 0x000000010283ec10 code [0x000000010283ed80, 0x000000010283ef30]
Event: 2.353 Thread 0x00007fa31c029000 1327       3       java.lang.String::compareTo (9 bytes)
Event: 2.354 Thread 0x00007fa31c029000 nmethod 1327 0x000000010283efd0 code [0x000000010283f140, 0x000000010283f428]
Event: 2.354 Thread 0x00007fa31c029000 1329       1       sun.misc.ProxyGenerator::access$800 (5 bytes)
Event: 2.354 Thread 0x00007fa31c029000 nmethod 1329 0x000000010283f4d0 code [0x000000010283f620, 0x000000010283f710]
Event: 2.356 Thread 0x00007fa31c029000 1331       3       java.lang.Class::forName (53 bytes)
Event: 2.357 Thread 0x00007fa31c029000 nmethod 1331 0x000000010283f990 code [0x000000010283fb60, 0x0000000102840298]
Event: 2.357 Thread 0x00007fa31c029000 1330       3       sun.security.util.SignatureFileVerifier::isBlockOrSF (40 bytes)
Event: 2.357 Thread 0x00007fa31c029000 nmethod 1330 0x0000000102840590 code [0x0000000102840780, 0x00000001028410b8]

GC Heap History (6 events):
Event: 0.949 GC heap before
{Heap before GC invocations=1 (full 0):
 PSYoungGen      total 38400K, used 33280K [0x00000007a0000000, 0x00000007a2a80000, 0x00000007c0000000)
  eden space 33280K, 100% used [0x00000007a0000000,0x00000007a2080000,0x00000007a2080000)
  from space 5120K, 0% used [0x00000007a2580000,0x00000007a2580000,0x00000007a2a80000)
  to   space 5120K, 0% used [0x00000007a2080000,0x00000007a2080000,0x00000007a2580000)
 ParOldGen       total 87552K, used 0K [0x0000000760000000, 0x0000000765580000, 0x00000007a0000000)
  object space 87552K, 0% used [0x0000000760000000,0x0000000760000000,0x0000000765580000)
 Metaspace       used 6359K, capacity 6502K, committed 6784K, reserved 1056768K
  class space    used 789K, capacity 831K, committed 896K, reserved 1048576K
Event: 0.956 GC heap after
Heap after GC invocations=1 (full 0):
 PSYoungGen      total 38400K, used 4168K [0x00000007a0000000, 0x00000007a2a80000, 0x00000007c0000000)
  eden space 33280K, 0% used [0x00000007a0000000,0x00000007a0000000,0x00000007a2080000)
  from space 5120K, 81% used [0x00000007a2080000,0x00000007a2492298,0x00000007a2580000)
  to   space 5120K, 0% used [0x00000007a2580000,0x00000007a2580000,0x00000007a2a80000)
 ParOldGen       total 87552K, used 8K [0x0000000760000000, 0x0000000765580000, 0x00000007a0000000)
  object space 87552K, 0% used [0x0000000760000000,0x0000000760002000,0x0000000765580000)
 Metaspace       used 6359K, capacity 6502K, committed 6784K, reserved 1056768K
  class space    used 789K, capacity 831K, committed 896K, reserved 1048576K
}
Event: 1.578 GC heap before
{Heap before GC invocations=2 (full 0):
 PSYoungGen      total 38400K, used 37448K [0x00000007a0000000, 0x00000007a2a80000, 0x00000007c0000000)
  eden space 33280K, 100% used [0x00000007a0000000,0x00000007a2080000,0x00000007a2080000)
  from space 5120K, 81% used [0x00000007a2080000,0x00000007a2492298,0x00000007a2580000)
  to   space 5120K, 0% used [0x00000007a2580000,0x00000007a2580000,0x00000007a2a80000)
 ParOldGen       total 87552K, used 8K [0x0000000760000000, 0x0000000765580000, 0x00000007a0000000)
  object space 87552K, 0% used [0x0000000760000000,0x0000000760002000,0x0000000765580000)
 Metaspace       used 10918K, capacity 11186K, committed 11392K, reserved 1058816K
  class space    used 1486K, capacity 1565K, committed 1664K, reserved 1048576K
Event: 1.585 GC heap after
Heap after GC invocations=2 (full 0):
 PSYoungGen      total 38400K, used 5101K [0x00000007a0000000, 0x00000007a2a80000, 0x00000007c0000000)
  eden space 33280K, 0% used [0x00000007a0000000,0x00000007a0000000,0x00000007a2080000)
  from space 5120K, 99% used [0x00000007a2580000,0x00000007a2a7b778,0x00000007a2a80000)
  to   space 5120K, 0% used [0x00000007a2080000,0x00000007a2080000,0x00000007a2580000)
 ParOldGen       total 87552K, used 365K [0x0000000760000000, 0x0000000765580000, 0x00000007a0000000)
  object space 87552K, 0% used [0x0000000760000000,0x000000076005b690,0x0000000765580000)
 Metaspace       used 10918K, capacity 11186K, committed 11392K, reserved 1058816K
  class space    used 1486K, capacity 1565K, committed 1664K, reserved 1048576K
}
Event: 1.991 GC heap before
{Heap before GC invocations=3 (full 0):
 PSYoungGen      total 38400K, used 38381K [0x00000007a0000000, 0x00000007a2a80000, 0x00000007c0000000)
  eden space 33280K, 100% used [0x00000007a0000000,0x00000007a2080000,0x00000007a2080000)
  from space 5120K, 99% used [0x00000007a2580000,0x00000007a2a7b778,0x00000007a2a80000)
  to   space 5120K, 0% used [0x00000007a2080000,0x00000007a2080000,0x00000007a2580000)
 ParOldGen       total 87552K, used 365K [0x0000000760000000, 0x0000000765580000, 0x00000007a0000000)
  object space 87552K, 0% used [0x0000000760000000,0x000000076005b690,0x0000000765580000)
 Metaspace       used 13559K, capacity 13798K, committed 13824K, reserved 1060864K
  class space    used 1958K, capacity 2039K, committed 2048K, reserved 1048576K
Event: 2.000 GC heap after
Heap after GC invocations=3 (full 0):
 PSYoungGen      total 38400K, used 5099K [0x00000007a0000000, 0x00000007a4b00000, 0x00000007c0000000)
  eden space 33280K, 0% used [0x00000007a0000000,0x00000007a0000000,0x00000007a2080000)
  from space 5120K, 99% used [0x00000007a2080000,0x00000007a257acb0,0x00000007a2580000)
  to   space 5120K, 0% used [0x00000007a4600000,0x00000007a4600000,0x00000007a4b00000)
 ParOldGen       total 87552K, used 1910K [0x0000000760000000, 0x0000000765580000, 0x00000007a0000000)
  object space 87552K, 2% used [0x0000000760000000,0x00000007601dd930,0x0000000765580000)
 Metaspace       used 13559K, capacity 13798K, committed 13824K, reserved 1060864K
  class space    used 1958K, capacity 2039K, committed 2048K, reserved 1048576K
}

Deoptimization events (10 events):
Event: 1.140 Thread 0x00007fa31c004000 Uncommon trap: reason=bimorphic action=maybe_recompile pc=0x000000010267452c method=java.util.regex.Pattern$Slice.match(Ljava/util/regex/Matcher;ILjava/lang/CharSequence;)Z @ 75
Event: 1.146 Thread 0x00007fa31c004000 Uncommon trap: reason=class_check action=maybe_recompile pc=0x00000001026744d4 method=java.util.regex.Matcher.match(II)Z @ 86
Event: 1.164 Thread 0x00007fa31c004000 Uncommon trap: reason=bimorphic action=maybe_recompile pc=0x000000010267bb50 method=java.util.HashMap.putVal(ILjava/lang/Object;Ljava/lang/Object;ZZ)Ljava/lang/Object; @ 91
Event: 1.164 Thread 0x00007fa31c004000 Uncommon trap: reason=bimorphic action=maybe_recompile pc=0x000000010267bb50 method=java.util.HashMap.putVal(ILjava/lang/Object;Ljava/lang/Object;ZZ)Ljava/lang/Object; @ 91
Event: 1.165 Thread 0x00007fa31c004000 Uncommon trap: reason=bimorphic action=maybe_recompile pc=0x000000010267bb50 method=java.util.HashMap.putVal(ILjava/lang/Object;Ljava/lang/Object;ZZ)Ljava/lang/Object; @ 91
Event: 1.165 Thread 0x00007fa31c004000 Uncommon trap: reason=bimorphic action=maybe_recompile pc=0x000000010267bb50 method=java.util.HashMap.putVal(ILjava/lang/Object;Ljava/lang/Object;ZZ)Ljava/lang/Object; @ 91
Event: 1.368 Thread 0x00007fa31c004000 Uncommon trap: reason=bimorphic action=maybe_recompile pc=0x0000000102703518 method=java.util.HashMap.putVal(ILjava/lang/Object;Ljava/lang/Object;ZZ)Ljava/lang/Object; @ 203
Event: 1.641 Thread 0x00007fa31c220800 Uncommon trap: reason=bimorphic action=maybe_recompile pc=0x0000000102703518 method=java.util.HashMap.putVal(ILjava/lang/Object;Ljava/lang/Object;ZZ)Ljava/lang/Object; @ 203
Event: 1.655 Thread 0x00007fa31c220800 Uncommon trap: reason=class_check action=maybe_recompile pc=0x00000001026744d4 method=java.util.regex.Matcher.match(II)Z @ 86
Event: 1.915 Thread 0x00007fa31c220800 Uncommon trap: reason=class_check action=maybe_recompile pc=0x00000001026744d4 method=java.util.regex.Matcher.match(II)Z @ 86

Internal exceptions (10 events):
Event: 2.350 Thread 0x00007fa31c220800 Exception <a 'java/security/PrivilegedActionException'> (0x00000007a1408458) thrown at [/HUDSON3/workspace/8-2-build-macosx-x86_64/jdk8u25/1514/hotspot/src/share/vm/prims/jvm.cpp, line 1312]
Event: 2.351 Thread 0x00007fa31c220800 Exception <a 'java/security/PrivilegedActionException'> (0x00000007a1409298) thrown at [/HUDSON3/workspace/8-2-build-macosx-x86_64/jdk8u25/1514/hotspot/src/share/vm/prims/jvm.cpp, line 1312]
Event: 2.354 Thread 0x00007fa31cb18000 Exception <a 'java/security/PrivilegedActionException'> (0x00000007a1479170) thrown at [/HUDSON3/workspace/8-2-build-macosx-x86_64/jdk8u25/1514/hotspot/src/share/vm/prims/jvm.cpp, line 1312]
Event: 2.354 Thread 0x00007fa31cb18000 Exception <a 'java/security/PrivilegedActionException'> (0x00000007a1479a58) thrown at [/HUDSON3/workspace/8-2-build-macosx-x86_64/jdk8u25/1514/hotspot/src/share/vm/prims/jvm.cpp, line 1312]
Event: 2.355 Thread 0x00007fa31c220800 Exception <a 'java/security/PrivilegedActionException'> (0x00000007a14243f0) thrown at [/HUDSON3/workspace/8-2-build-macosx-x86_64/jdk8u25/1514/hotspot/src/share/vm/prims/jvm.cpp, line 1312]
Event: 2.355 Thread 0x00007fa31c220800 Exception <a 'java/security/PrivilegedActionException'> (0x00000007a1425060) thrown at [/HUDSON3/workspace/8-2-build-macosx-x86_64/jdk8u25/1514/hotspot/src/share/vm/prims/jvm.cpp, line 1312]
Event: 2.356 Thread 0x00007fa31c220800 Exception <a 'java/security/PrivilegedActionException'> (0x00000007a142cc58) thrown at [/HUDSON3/workspace/8-2-build-macosx-x86_64/jdk8u25/1514/hotspot/src/share/vm/prims/jvm.cpp, line 1312]
Event: 2.356 Thread 0x00007fa31c220800 Exception <a 'java/security/PrivilegedActionException'> (0x00000007a142d8c0) thrown at [/HUDSON3/workspace/8-2-build-macosx-x86_64/jdk8u25/1514/hotspot/src/share/vm/prims/jvm.cpp, line 1312]
Event: 2.356 Thread 0x00007fa31cb18000 Exception <a 'java/security/PrivilegedActionException'> (0x00000007a147edf8) thrown at [/HUDSON3/workspace/8-2-build-macosx-x86_64/jdk8u25/1514/hotspot/src/share/vm/prims/jvm.cpp, line 1312]
Event: 2.356 Thread 0x00007fa31cb18000 Exception <a 'java/security/PrivilegedActionException'> (0x00000007a147f6a8) thrown at [/HUDSON3/workspace/8-2-build-macosx-x86_64/jdk8u25/1514/hotspot/src/share/vm/prims/jvm.cpp, line 1312]

Events (10 events):
Event: 2.356 loading class sun/management/Sensor done
Event: 2.356 loading class sun/management/MemoryPoolImpl$PoolSensor done
Event: 2.356 loading class sun/management/MemoryPoolImpl$CollectionSensor
Event: 2.356 loading class sun/management/MemoryPoolImpl$CollectionSensor done
Event: 2.356 loading class org/gradle/launcher/daemon/server/health/gc/GarbageCollectionEvent
Event: 2.356 loading class org/gradle/launcher/daemon/server/health/gc/GarbageCollectionEvent done
Event: 2.357 loading class java/lang/management/MemoryUsage
Event: 2.358 loading class java/lang/management/MemoryUsage done
Event: 2.358 loading class java/util/concurrent/LinkedBlockingDeque$Node
Event: 2.358 loading class java/util/concurrent/LinkedBlockingDeque$Node done


Dynamic libraries:
0x0000000000175000 	/System/Library/Frameworks/Cocoa.framework/Versions/A/Cocoa
0x0000000000175000 	/System/Library/Frameworks/Security.framework/Versions/A/Security
0x0000000000175000 	/System/Library/Frameworks/ApplicationServices.framework/Versions/A/ApplicationServices
0x0000000000175000 	/usr/lib/libz.1.dylib
0x0000000000175000 	/usr/lib/libSystem.B.dylib
0x0000000000175000 	/usr/lib/libobjc.A.dylib
0x0000000000175000 	/System/Library/Frameworks/CoreFoundation.framework/Versions/A/CoreFoundation
0x0000000000175000 	/System/Library/Frameworks/Foundation.framework/Versions/C/Foundation
0x0000000000175000 	/System/Library/Frameworks/AppKit.framework/Versions/C/AppKit
0x0000000000175000 	/System/Library/Frameworks/CoreData.framework/Versions/A/CoreData
0x0000000000175000 	/System/Library/PrivateFrameworks/RemoteViewServices.framework/Versions/A/RemoteViewServices
0x0000000000175000 	/System/Library/PrivateFrameworks/UIFoundation.framework/Versions/A/UIFoundation
0x0000000000175000 	/usr/lib/libScreenReader.dylib
0x0000000000175000 	/System/Library/Frameworks/Accelerate.framework/Versions/A/Accelerate
0x0000000000175000 	/System/Library/Frameworks/IOSurface.framework/Versions/A/IOSurface
0x0000000000175000 	/System/Library/Frameworks/AudioToolbox.framework/Versions/A/AudioToolbox
0x0000000000175000 	/System/Library/Frameworks/AudioUnit.framework/Versions/A/AudioUnit
0x0000000000175000 	/System/Library/PrivateFrameworks/DataDetectorsCore.framework/Versions/A/DataDetectorsCore
0x0000000000175000 	/System/Library/PrivateFrameworks/DesktopServicesPriv.framework/Versions/A/DesktopServicesPriv
0x0000000000175000 	/System/Library/Frameworks/Carbon.framework/Versions/A/Frameworks/HIToolbox.framework/Versions/A/HIToolbox
0x0000000000175000 	/System/Library/Frameworks/QuartzCore.framework/Versions/A/QuartzCore
0x0000000000175000 	/System/Library/Frameworks/Carbon.framework/Versions/A/Frameworks/SpeechRecognition.framework/Versions/A/SpeechRecognition
0x0000000000175000 	/usr/lib/libauto.dylib
0x0000000000175000 	/usr/lib/libicucore.A.dylib
0x0000000000175000 	/usr/lib/libxml2.2.dylib
0x0000000000175000 	/System/Library/PrivateFrameworks/CoreUI.framework/Versions/A/CoreUI
0x0000000000175000 	/System/Library/Frameworks/CoreAudio.framework/Versions/A/CoreAudio
0x0000000000175000 	/System/Library/Frameworks/DiskArbitration.framework/Versions/A/DiskArbitration
0x0000000000175000 	/usr/lib/liblangid.dylib
0x0000000000175000 	/System/Library/PrivateFrameworks/MultitouchSupport.framework/Versions/A/MultitouchSupport
0x0000000000175000 	/System/Library/Frameworks/IOKit.framework/Versions/A/IOKit
0x0000000000175000 	/usr/lib/libDiagnosticMessagesClient.dylib
0x0000000000175000 	/System/Library/Frameworks/CoreServices.framework/Versions/A/CoreServices
0x0000000000175000 	/System/Library/PrivateFrameworks/PerformanceAnalysis.framework/Versions/A/PerformanceAnalysis
0x0000000000175000 	/System/Library/PrivateFrameworks/GenerationalStorage.framework/Versions/A/GenerationalStorage
0x0000000000175000 	/System/Library/Frameworks/OpenGL.framework/Versions/A/OpenGL
0x0000000000175000 	/System/Library/PrivateFrameworks/Sharing.framework/Versions/A/Sharing
0x0000000000175000 	/System/Library/Frameworks/CoreGraphics.framework/Versions/A/CoreGraphics
0x0000000000175000 	/System/Library/Frameworks/CoreImage.framework/Versions/A/CoreImage
0x0000000000175000 	/System/Library/Frameworks/CoreText.framework/Versions/A/CoreText
0x0000000000175000 	/System/Library/Frameworks/ImageIO.framework/Versions/A/ImageIO
0x0000000000175000 	/System/Library/PrivateFrameworks/Backup.framework/Versions/A/Backup
0x0000000000175000 	/usr/lib/libextension.dylib
0x0000000000175000 	/usr/lib/libarchive.2.dylib
0x0000000000175000 	/System/Library/Frameworks/CFNetwork.framework/Versions/A/CFNetwork
0x0000000000175000 	/System/Library/Frameworks/SystemConfiguration.framework/Versions/A/SystemConfiguration
0x0000000000175000 	/usr/lib/libCRFSuite.dylib
0x0000000000175000 	/usr/lib/libc++.1.dylib
0x0000000000175000 	/usr/lib/libc++abi.dylib
0x0000000000175000 	/usr/lib/system/libcache.dylib
0x0000000000175000 	/usr/lib/system/libcommonCrypto.dylib
0x0000000000175000 	/usr/lib/system/libcompiler_rt.dylib
0x0000000000175000 	/usr/lib/system/libcopyfile.dylib
0x0000000000175000 	/usr/lib/system/libcorecrypto.dylib
0x0000000000175000 	/usr/lib/system/libdispatch.dylib
0x0000000000175000 	/usr/lib/system/libdyld.dylib
0x0000000000175000 	/usr/lib/system/libkeymgr.dylib
0x0000000000175000 	/usr/lib/system/liblaunch.dylib
0x0000000000175000 	/usr/lib/system/libmacho.dylib
0x0000000000175000 	/usr/lib/system/libquarantine.dylib
0x0000000000175000 	/usr/lib/system/libremovefile.dylib
0x0000000000175000 	/usr/lib/system/libsystem_asl.dylib
0x0000000000175000 	/usr/lib/system/libsystem_blocks.dylib
0x0000000000175000 	/usr/lib/system/libsystem_c.dylib
0x0000000000175000 	/usr/lib/system/libsystem_configuration.dylib
0x0000000000175000 	/usr/lib/system/libsystem_coreservices.dylib
0x0000000000175000 	/usr/lib/system/libsystem_coretls.dylib
0x0000000000175000 	/usr/lib/system/libsystem_dnssd.dylib
0x0000000000175000 	/usr/lib/system/libsystem_info.dylib
0x0000000000175000 	/usr/lib/system/libsystem_kernel.dylib
0x0000000000175000 	/usr/lib/system/libsystem_m.dylib
0x0000000000175000 	/usr/lib/system/libsystem_malloc.dylib
0x0000000000175000 	/usr/lib/system/libsystem_network.dylib
0x0000000000175000 	/usr/lib/system/libsystem_networkextension.dylib
0x0000000000175000 	/usr/lib/system/libsystem_notify.dylib
0x0000000000175000 	/usr/lib/system/libsystem_platform.dylib
0x0000000000175000 	/usr/lib/system/libsystem_pthread.dylib
0x0000000000175000 	/usr/lib/system/libsystem_sandbox.dylib
0x0000000000175000 	/usr/lib/system/libsystem_secinit.dylib
0x0000000000175000 	/usr/lib/system/libsystem_trace.dylib
0x0000000000175000 	/usr/lib/system/libunc.dylib
0x0000000000175000 	/usr/lib/system/libunwind.dylib
0x0000000000175000 	/usr/lib/system/libxpc.dylib
0x0000000000175000 	/usr/lib/libenergytrace.dylib
0x0000000000175000 	/usr/lib/libbsm.0.dylib
0x0000000000175000 	/usr/lib/system/libkxld.dylib
0x0000000000175000 	/usr/lib/libxar.1.dylib
0x0000000000175000 	/usr/lib/libsqlite3.dylib
0x0000000000175000 	/usr/lib/libpam.2.dylib
0x0000000000175000 	/usr/lib/libOpenScriptingUtil.dylib
0x0000000000175000 	/usr/lib/libbz2.1.0.dylib
0x0000000000175000 	/usr/lib/liblzma.5.dylib
0x0000000000175000 	/System/Library/Frameworks/CoreServices.framework/Versions/A/Frameworks/FSEvents.framework/Versions/A/FSEvents
0x0000000000175000 	/System/Library/Frameworks/CoreServices.framework/Versions/A/Frameworks/CarbonCore.framework/Versions/A/CarbonCore
0x0000000000175000 	/System/Library/Frameworks/CoreServices.framework/Versions/A/Frameworks/Metadata.framework/Versions/A/Metadata
0x0000000000175000 	/System/Library/Frameworks/CoreServices.framework/Versions/A/Frameworks/OSServices.framework/Versions/A/OSServices
0x0000000000175000 	/System/Library/Frameworks/CoreServices.framework/Versions/A/Frameworks/SearchKit.framework/Versions/A/SearchKit
0x0000000000175000 	/System/Library/Frameworks/CoreServices.framework/Versions/A/Frameworks/AE.framework/Versions/A/AE
0x0000000000175000 	/System/Library/Frameworks/CoreServices.framework/Versions/A/Frameworks/LaunchServices.framework/Versions/A/LaunchServices
0x0000000000175000 	/System/Library/Frameworks/CoreServices.framework/Versions/A/Frameworks/DictionaryServices.framework/Versions/A/DictionaryServices
0x0000000000175000 	/System/Library/Frameworks/CoreServices.framework/Versions/A/Frameworks/SharedFileList.framework/Versions/A/SharedFileList
0x0000000000175000 	/System/Library/Frameworks/NetFS.framework/Versions/A/NetFS
0x0000000000175000 	/System/Library/PrivateFrameworks/NetAuth.framework/Versions/A/NetAuth
0x0000000000175000 	/System/Library/PrivateFrameworks/login.framework/Versions/A/Frameworks/loginsupport.framework/Versions/A/loginsupport
0x0000000000175000 	/System/Library/PrivateFrameworks/TCC.framework/Versions/A/TCC
0x0000000000175000 	/usr/lib/libmecabra.dylib
0x0000000000175000 	/System/Library/Frameworks/ApplicationServices.framework/Versions/A/Frameworks/ATS.framework/Versions/A/ATS
0x0000000000175000 	/System/Library/Frameworks/ApplicationServices.framework/Versions/A/Frameworks/ColorSync.framework/Versions/A/ColorSync
0x0000000000175000 	/System/Library/Frameworks/ApplicationServices.framework/Versions/A/Frameworks/HIServices.framework/Versions/A/HIServices
0x0000000000175000 	/System/Library/Frameworks/ApplicationServices.framework/Versions/A/Frameworks/LangAnalysis.framework/Versions/A/LangAnalysis
0x0000000000175000 	/System/Library/Frameworks/ApplicationServices.framework/Versions/A/Frameworks/PrintCore.framework/Versions/A/PrintCore
0x0000000000175000 	/System/Library/Frameworks/ApplicationServices.framework/Versions/A/Frameworks/QD.framework/Versions/A/QD
0x0000000000175000 	/System/Library/Frameworks/ApplicationServices.framework/Versions/A/Frameworks/SpeechSynthesis.framework/Versions/A/SpeechSynthesis
0x0000000000175000 	/System/Library/Frameworks/Metal.framework/Versions/A/Metal
0x0000000000175000 	/System/Library/Frameworks/Accelerate.framework/Versions/A/Frameworks/vImage.framework/Versions/A/vImage
0x0000000000175000 	/System/Library/Frameworks/Accelerate.framework/Versions/A/Frameworks/vecLib.framework/Versions/A/vecLib
0x0000000000175000 	/System/Library/Frameworks/Accelerate.framework/Versions/A/Frameworks/vecLib.framework/Versions/A/libvDSP.dylib
0x0000000000175000 	/System/Library/Frameworks/Accelerate.framework/Versions/A/Frameworks/vecLib.framework/Versions/A/libvMisc.dylib
0x0000000000175000 	/System/Library/Frameworks/Accelerate.framework/Versions/A/Frameworks/vecLib.framework/Versions/A/libLAPACK.dylib
0x0000000000175000 	/System/Library/Frameworks/Accelerate.framework/Versions/A/Frameworks/vecLib.framework/Versions/A/libBLAS.dylib
0x0000000000175000 	/System/Library/Frameworks/Accelerate.framework/Versions/A/Frameworks/vecLib.framework/Versions/A/libLinearAlgebra.dylib
0x0000000000175000 	/System/Library/Frameworks/Accelerate.framework/Versions/A/Frameworks/vecLib.framework/Versions/A/libSparseBLAS.dylib
0x0000000000175000 	/System/Library/PrivateFrameworks/GPUCompiler.framework/libmetal_timestamp.dylib
0x0000000000175000 	/System/Library/Frameworks/OpenGL.framework/Versions/A/Libraries/libCoreFSCache.dylib
0x0000000000175000 	/System/Library/PrivateFrameworks/IOAccelerator.framework/Versions/A/IOAccelerator
0x0000000000175000 	/System/Library/Frameworks/ApplicationServices.framework/Versions/A/Frameworks/ATS.framework/Versions/A/Resources/libFontParser.dylib
0x0000000000175000 	/System/Library/Frameworks/ApplicationServices.framework/Versions/A/Frameworks/ATS.framework/Versions/A/Resources/libFontRegistry.dylib
0x0000000000175000 	/System/Library/PrivateFrameworks/AppleVPA.framework/Versions/A/AppleVPA
0x0000000000175000 	/System/Library/PrivateFrameworks/AppleJPEG.framework/Versions/A/AppleJPEG
0x0000000000175000 	/System/Library/Frameworks/ImageIO.framework/Versions/A/Resources/libJPEG.dylib
0x0000000000175000 	/System/Library/Frameworks/ImageIO.framework/Versions/A/Resources/libTIFF.dylib
0x0000000000175000 	/System/Library/Frameworks/ImageIO.framework/Versions/A/Resources/libPng.dylib
0x0000000000175000 	/System/Library/Frameworks/ImageIO.framework/Versions/A/Resources/libGIF.dylib
0x0000000000175000 	/System/Library/Frameworks/ImageIO.framework/Versions/A/Resources/libJP2.dylib
0x0000000000175000 	/System/Library/Frameworks/ImageIO.framework/Versions/A/Resources/libRadiance.dylib
0x0000000000175000 	/System/Library/Frameworks/CoreVideo.framework/Versions/A/CoreVideo
0x0000000000175000 	/System/Library/Frameworks/OpenGL.framework/Versions/A/Libraries/libGLU.dylib
0x0000000000175000 	/System/Library/Frameworks/OpenGL.framework/Versions/A/Libraries/libGFXShared.dylib
0x0000000000175000 	/System/Library/Frameworks/OpenGL.framework/Versions/A/Libraries/libGL.dylib
0x0000000000175000 	/System/Library/Frameworks/OpenGL.framework/Versions/A/Libraries/libGLImage.dylib
0x0000000000175000 	/System/Library/Frameworks/OpenGL.framework/Versions/A/Libraries/libCVMSPluginSupport.dylib
0x0000000000175000 	/System/Library/Frameworks/OpenGL.framework/Versions/A/Libraries/libCoreVMClient.dylib
0x0000000000175000 	/usr/lib/libcompression.dylib
0x0000000000175000 	/usr/lib/libcups.2.dylib
0x0000000000175000 	/System/Library/Frameworks/Kerberos.framework/Versions/A/Kerberos
0x0000000000175000 	/System/Library/Frameworks/GSS.framework/Versions/A/GSS
0x0000000000175000 	/usr/lib/libresolv.9.dylib
0x0000000000175000 	/usr/lib/libiconv.2.dylib
0x0000000000175000 	/System/Library/PrivateFrameworks/Heimdal.framework/Versions/A/Heimdal
0x0000000000175000 	/usr/lib/libheimdal-asn1.dylib
0x0000000000175000 	/System/Library/Frameworks/OpenDirectory.framework/Versions/A/OpenDirectory
0x0000000000175000 	/System/Library/PrivateFrameworks/CommonAuth.framework/Versions/A/CommonAuth
0x0000000000175000 	/System/Library/Frameworks/OpenDirectory.framework/Versions/A/Frameworks/CFOpenDirectory.framework/Versions/A/CFOpenDirectory
0x0000000000175000 	/System/Library/Frameworks/SecurityFoundation.framework/Versions/A/SecurityFoundation
0x0000000000175000 	/System/Library/PrivateFrameworks/LanguageModeling.framework/Versions/A/LanguageModeling
0x0000000000175000 	/usr/lib/libmarisa.dylib
0x0000000000175000 	/usr/lib/libChineseTokenizer.dylib
0x0000000000175000 	/usr/lib/libcmph.dylib
0x0000000000175000 	/System/Library/Frameworks/ServiceManagement.framework/Versions/A/ServiceManagement
0x0000000000175000 	/usr/lib/libxslt.1.dylib
0x0000000000175000 	/System/Library/Frameworks/Carbon.framework/Versions/A/Frameworks/Ink.framework/Versions/A/Ink
0x0000000000175000 	/usr/lib/libFosl_dynamic.dylib
0x0000000000175000 	/System/Library/PrivateFrameworks/FaceCore.framework/Versions/A/FaceCore
0x0000000000175000 	/System/Library/Frameworks/OpenCL.framework/Versions/A/OpenCL
0x0000000000175000 	/System/Library/PrivateFrameworks/CrashReporterSupport.framework/Versions/A/CrashReporterSupport
0x0000000000175000 	/System/Library/PrivateFrameworks/IconServices.framework/Versions/A/IconServices
0x0000000000175000 	/System/Library/PrivateFrameworks/Apple80211.framework/Versions/A/Apple80211
0x0000000000175000 	/System/Library/Frameworks/CoreWLAN.framework/Versions/A/CoreWLAN
0x0000000000175000 	/System/Library/Frameworks/IOBluetooth.framework/Versions/A/IOBluetooth
0x0000000000175000 	/System/Library/PrivateFrameworks/CoreWiFi.framework/Versions/A/CoreWiFi
0x0000000000175000 	/System/Library/Frameworks/CoreBluetooth.framework/Versions/A/CoreBluetooth
0x0000000000175000 	/System/Library/PrivateFrameworks/ChunkingLibrary.framework/Versions/A/ChunkingLibrary
0x0000000000175000 	/System/Library/PrivateFrameworks/DebugSymbols.framework/Versions/A/DebugSymbols
0x0000000000175000 	/System/Library/PrivateFrameworks/CoreSymbolication.framework/Versions/A/CoreSymbolication
0x0000000000175000 	/System/Library/PrivateFrameworks/Symbolication.framework/Versions/A/Symbolication
0x0000000000175000 	/System/Library/PrivateFrameworks/SpeechRecognitionCore.framework/Versions/A/SpeechRecognitionCore
0x0000000100c4b000 	/Library/Java/JavaVirtualMachines/jdk1.8.0_25.jdk/Contents/Home/jre/lib/server/libjvm.dylib
0x0000000000175000 	/usr/lib/libstdc++.6.dylib
0x0000000101b6b000 	/Library/Java/JavaVirtualMachines/jdk1.8.0_25.jdk/Contents/Home/jre/lib/libverify.dylib
0x0000000101b79000 	/Library/Java/JavaVirtualMachines/jdk1.8.0_25.jdk/Contents/Home/jre/lib/libjava.dylib
0x0000000101bb7000 	/Library/Java/JavaVirtualMachines/jdk1.8.0_25.jdk/Contents/Home/jre/lib/libzip.dylib
0x0000000116a6c000 	/System/Library/Frameworks/JavaVM.framework/Frameworks/JavaRuntimeSupport.framework/JavaRuntimeSupport
0x0000000116a87000 	/System/Library/Frameworks/JavaVM.framework/Versions/A/Frameworks/JavaNativeFoundation.framework/Versions/A/JavaNativeFoundation
0x0000000116a9c000 	/System/Library/Frameworks/JavaVM.framework/Versions/A/JavaVM
0x0000000000175000 	/System/Library/Frameworks/Carbon.framework/Versions/A/Carbon
0x0000000116aa9000 	/System/Library/PrivateFrameworks/JavaLaunching.framework/Versions/A/JavaLaunching
0x0000000000175000 	/System/Library/Frameworks/Carbon.framework/Versions/A/Frameworks/CommonPanels.framework/Versions/A/CommonPanels
0x0000000000175000 	/System/Library/Frameworks/Carbon.framework/Versions/A/Frameworks/Help.framework/Versions/A/Help
0x0000000000175000 	/System/Library/Frameworks/Carbon.framework/Versions/A/Frameworks/ImageCapture.framework/Versions/A/ImageCapture
0x0000000000175000 	/System/Library/Frameworks/Carbon.framework/Versions/A/Frameworks/OpenScripting.framework/Versions/A/OpenScripting
0x0000000000175000 	/System/Library/Frameworks/Carbon.framework/Versions/A/Frameworks/Print.framework/Versions/A/Print
0x0000000000175000 	/System/Library/Frameworks/Carbon.framework/Versions/A/Frameworks/SecurityHI.framework/Versions/A/SecurityHI
0x000000011889f000 	/Library/Java/JavaVirtualMachines/jdk1.8.0_25.jdk/Contents/Home/jre/lib/libnet.dylib
0x000000011893c000 	/Library/Java/JavaVirtualMachines/jdk1.8.0_25.jdk/Contents/Home/jre/lib/libnio.dylib
0x0000000118af6000 	/Users/Sahar/.gradle/native/25/osx-amd64/libnative-platform.dylib
0x0000000118f26000 	/Library/Java/JavaVirtualMachines/jdk1.8.0_25.jdk/Contents/Home/jre/lib/libmanagement.dylib

VM Arguments:
jvm_args: -Xmx1536m -Dfile.encoding=UTF-8 -Duser.country=US -Duser.language=en -Duser.variant 
java_command: org.gradle.launcher.daemon.bootstrap.GradleDaemon 4.4
java_class_path (initial): /Users/Sahar/.gradle/wrapper/dists/gradle-4.4-all/9br9xq1tocpiv8o6njlyu5op1/gradle-4.4/lib/gradle-launcher-4.4.jar
Launcher Type: SUN_STANDARD

Environment Variables:
PATH=/usr/local/bin:/usr/bin:/bin:/usr/sbin:/sbin:/Library/Frameworks/Mono.framework/Versions/Current/Commands
SHELL=/bin/bash

Signal Handlers:
SIGSEGV: [libjvm.dylib+0x579dc7], sa_mask[0]=11111111011111110111111111111111, sa_flags=SA_ONSTACK|SA_RESTART|SA_SIGINFO
SIGBUS: [libjvm.dylib+0x579dc7], sa_mask[0]=11111111011111110111111111111111, sa_flags=SA_RESTART|SA_SIGINFO
SIGFPE: [libjvm.dylib+0x45b030], sa_mask[0]=11111111011111110111111111111111, sa_flags=SA_RESTART|SA_SIGINFO
SIGPIPE: [libjvm.dylib+0x45b030], sa_mask[0]=11111111011111110111111111111111, sa_flags=SA_RESTART|SA_SIGINFO
SIGXFSZ: [libjvm.dylib+0x45b030], sa_mask[0]=11111111011111110111111111111111, sa_flags=SA_RESTART|SA_SIGINFO
SIGILL: [libjvm.dylib+0x45b030], sa_mask[0]=11111111011111110111111111111111, sa_flags=SA_RESTART|SA_SIGINFO
SIGUSR1: SIG_DFL, sa_mask[0]=00000000000000000000000000000000, sa_flags=none
SIGUSR2: [libjvm.dylib+0x45ab4e], sa_mask[0]=00100000000000000000000000000000, sa_flags=SA_RESTART|SA_SIGINFO
SIGHUP: [libjvm.dylib+0x459121], sa_mask[0]=11111111011111110111111111111111, sa_flags=SA_RESTART|SA_SIGINFO
SIGINT: [libjvm.dylib+0x459121], sa_mask[0]=11111111011111110111111111111111, sa_flags=SA_RESTART|SA_SIGINFO
SIGTERM: [libjvm.dylib+0x459121], sa_mask[0]=11111111011111110111111111111111, sa_flags=SA_RESTART|SA_SIGINFO
SIGQUIT: [libjvm.dylib+0x459121], sa_mask[0]=11111111011111110111111111111111, sa_flags=SA_RESTART|SA_SIGINFO


---------------  S Y S T E M  ---------------

OS:Bsduname:Darwin 15.5.0 Darwin Kernel Version 15.5.0: Tue Apr 19 18:36:36 PDT 2016; root:xnu-3248.50.21~8/RELEASE_X86_64 x86_64
rlimit: STACK 8192k, CORE 0k, NPROC 709, NOFILE 10240, AS infinity
load average:2.10 1.98 1.80

CPU:total 4 (2 cores per cpu, 2 threads per core) family 6 model 42 stepping 7, cmov, cx8, fxsr, mmx, sse, sse2, sse3, ssse3, sse4.1, sse4.2, popcnt, avx, aes, clmul, ht, tsc, tscinvbit

Memory: 4k page, physical 8388608k(287176k free)

/proc/meminfo:


vm_info: Java HotSpot(TM) 64-Bit Server VM (25.25-b02) for bsd-amd64 JRE (1.8.0_25-b17), built on Sep 17 2014 16:56:50 by "java_re" with gcc 4.2.1 (Based on Apple Inc. build 5658) (LLVM build 2336.11.00)

time: Fri Sep 21 20:19:29 2018
elapsed time: 2 seconds (0d 0h 0m 2s)

